Using pre-set license
Built from '2021.3/staging' branch; Version is '2021.3.23f1 (213b516bf396) revision 2177873'; Using compiler version '192829333'; Build Type 'Release'
OS: 'Windows 10  (10.0.19045) 64bit Professional' Language: 'ja' Physical Memory: 65349 MB
BatchMode: 1, IsHumanControllingUs: 0, StartBugReporterOnCrash: 0, Is64bit: 1, IsPro: 1

COMMAND LINE ARGUMENTS:
C:\Program Files\Unity\Hub\Editor\2021.3.23f1\Editor\Unity.exe
-adb2
-batchMode
-noUpm
-name
AssetImportWorker4
-projectPath
C:/Users/no name boy/source/GameDev/TLabUnityProject/VR_Kensyu
-logFile
Logs/AssetImportWorker4.log
-srvPort
64423
Successfully changed project path to: C:/Users/no name boy/source/GameDev/TLabUnityProject/VR_Kensyu
C:/Users/no name boy/source/GameDev/TLabUnityProject/VR_Kensyu
[UnityMemory] Configuration Parameters - Can be set up in boot.config
    "memorysetup-bucket-allocator-granularity=16"
    "memorysetup-bucket-allocator-bucket-count=8"
    "memorysetup-bucket-allocator-block-size=33554432"
    "memorysetup-bucket-allocator-block-count=8"
    "memorysetup-main-allocator-block-size=16777216"
    "memorysetup-thread-allocator-block-size=16777216"
    "memorysetup-gfx-main-allocator-block-size=16777216"
    "memorysetup-gfx-thread-allocator-block-size=16777216"
    "memorysetup-cache-allocator-block-size=4194304"
    "memorysetup-typetree-allocator-block-size=2097152"
    "memorysetup-profiler-bucket-allocator-granularity=16"
    "memorysetup-profiler-bucket-allocator-bucket-count=8"
    "memorysetup-profiler-bucket-allocator-block-size=33554432"
    "memorysetup-profiler-bucket-allocator-block-count=8"
    "memorysetup-profiler-allocator-block-size=16777216"
    "memorysetup-profiler-editor-allocator-block-size=1048576"
    "memorysetup-temp-allocator-size-main=16777216"
    "memorysetup-job-temp-allocator-block-size=2097152"
    "memorysetup-job-temp-allocator-block-size-background=1048576"
    "memorysetup-job-temp-allocator-reduction-small-platforms=262144"
    "memorysetup-temp-allocator-size-background-worker=32768"
    "memorysetup-temp-allocator-size-job-worker=262144"
    "memorysetup-temp-allocator-size-preload-manager=33554432"
    "memorysetup-temp-allocator-size-nav-mesh-worker=65536"
    "memorysetup-temp-allocator-size-audio-worker=65536"
    "memorysetup-temp-allocator-size-cloud-worker=32768"
    "memorysetup-temp-allocator-size-gi-baking-worker=262144"
    "memorysetup-temp-allocator-size-gfx=262144"
Player connection [27972] Host "[IP] 192.168.3.9 [Port] 0 [Flags] 2 [Guid] 1067249851 [EditorId] 1067249851 [Version] 1048832 [Id] WindowsEditor(7,DESKTOP-J2OCBHK) [Debug] 1 [PackageName] WindowsEditor [ProjectName] Editor" joined multi-casting on [225.0.0.222:54997]...

Player connection [27972] Host "[IP] 192.168.3.9 [Port] 0 [Flags] 2 [Guid] 1067249851 [EditorId] 1067249851 [Version] 1048832 [Id] WindowsEditor(7,DESKTOP-J2OCBHK) [Debug] 1 [PackageName] WindowsEditor [ProjectName] Editor" joined alternative multi-casting on [225.0.0.222:34997]...

Refreshing native plugins compatible for Editor in 163.70 ms, found 14 plugins.
Preloading 1 native plugins for Editor in 0.73 ms.
Initialize engine version: 2021.3.23f1 (213b516bf396)
[Subsystems] Discovering subsystems at path C:/Program Files/Unity/Hub/Editor/2021.3.23f1/Editor/Data/Resources/UnitySubsystems
[Subsystems] Discovering subsystems at path C:/Users/no name boy/source/GameDev/TLabUnityProject/VR_Kensyu/Assets
GfxDevice: creating device client; threaded=0; jobified=0
Direct3D:
    Version:  Direct3D 11.0 [level 11.1]
    Renderer: NVIDIA GeForce RTX 3070 (ID=0x2484)
    Vendor:   NVIDIA
    VRAM:     8031 MB
    Driver:   31.0.15.2698
Shader 'Oculus/OVRMRCameraFrameLit': fallback shader 'Alpha-Diffuse' not found
Initialize mono
Mono path[0] = 'C:/Program Files/Unity/Hub/Editor/2021.3.23f1/Editor/Data/Managed'
Mono path[1] = 'C:/Program Files/Unity/Hub/Editor/2021.3.23f1/Editor/Data/MonoBleedingEdge/lib/mono/unityjit-win32'
Mono config path = 'C:/Program Files/Unity/Hub/Editor/2021.3.23f1/Editor/Data/MonoBleedingEdge/etc'
Using monoOptions --debugger-agent=transport=dt_socket,embedding=1,server=y,suspend=n,address=127.0.0.1:56104
Begin MonoManager ReloadAssembly
Registering precompiled unity dll's ...
Register platform support module: C:/Program Files/Unity/Hub/Editor/2021.3.23f1/Editor/Data/PlaybackEngines/WebGLSupport/UnityEditor.WebGL.Extensions.dll
Register platform support module: C:/Program Files/Unity/Hub/Editor/2021.3.23f1/Editor/Data/PlaybackEngines/AndroidPlayer/UnityEditor.Android.Extensions.dll
Register platform support module: C:/Program Files/Unity/Hub/Editor/2021.3.23f1/Editor/Data/PlaybackEngines/WindowsStandaloneSupport/UnityEditor.WindowsStandalone.Extensions.dll
Register platform support module: C:/Program Files/Unity/Hub/Editor/2021.3.23f1/Editor/Data/PlaybackEngines/MetroSupport/UnityEditor.UWP.Extensions.dll
Registered in 0.013540 seconds.
Native extension for UWP target not found
Native extension for WindowsStandalone target not found
Native extension for Android target not found
Android Extension - Scanning For ADB Devices 427 ms
Native extension for WebGL target not found
Refreshing native plugins compatible for Editor in 218.97 ms, found 14 plugins.
Preloading 1 native plugins for Editor in 0.15 ms.
Mono: successfully reloaded assembly
- Completed reload, in  1.376 seconds
Domain Reload Profiling:
	ReloadAssembly (1376ms)
		BeginReloadAssembly (103ms)
			ExecutionOrderSort (0ms)
			DisableScriptedObjects (0ms)
			BackupInstance (0ms)
			ReleaseScriptingObjects (0ms)
			CreateAndSetChildDomain (1ms)
		EndReloadAssembly (1150ms)
			LoadAssemblies (100ms)
			RebuildTransferFunctionScriptingTraits (0ms)
			SetupTypeCache (123ms)
			ReleaseScriptCaches (0ms)
			RebuildScriptCaches (55ms)
			SetupLoadedEditorAssemblies (903ms)
				LogAssemblyErrors (0ms)
				InitializePlatformSupportModulesInManaged (511ms)
				SetLoadedEditorAssemblies (0ms)
				RefreshPlugins (219ms)
				BeforeProcessingInitializeOnLoad (1ms)
				ProcessInitializeOnLoadAttributes (111ms)
				ProcessInitializeOnLoadMethodAttributes (60ms)
				AfterProcessingInitializeOnLoad (0ms)
				EditorAssembliesLoaded (0ms)
			ExecutionOrderSort2 (0ms)
			AwakeInstancesAfterBackupRestoration (0ms)
Platform modules already initialized, skipping
Registering precompiled user dll's ...
Registered in 0.013889 seconds.
Begin MonoManager ReloadAssembly
Symbol file LoadedFromMemory doesn't match image C:\Users\no name boy\source\GameDev\TLabUnityProject\VR_Kensyu\Library\PackageCache\com.unity.visualscripting@1.8.0\Editor\VisualScripting.Core\Dependencies\DotNetZip\Unity.VisualScripting.IonicZip.dll
Symbol file LoadedFromMemory doesn't match image C:\Users\no name boy\source\GameDev\TLabUnityProject\VR_Kensyu\Library\PackageCache\com.unity.visualscripting@1.8.0\Editor\VisualScripting.Core\Dependencies\YamlDotNet\Unity.VisualScripting.YamlDotNet.dll
Native extension for UWP target not found
Native extension for WindowsStandalone target not found
Native extension for Android target not found
Native extension for WebGL target not found
Refreshing native plugins compatible for Editor in 119.26 ms, found 14 plugins.
Preloading 1 native plugins for Editor in 0.12 ms.
Package Manager log level set to [2]
[XR] OculusXRPlugin: registering subsystems
[XR] Unable to register display lifecyle provider: [1]
[XR] Oculus Input lifecycle provider registered.
[XR] Unable to register input lifecyle provider: [1]
[XR] OVRP version 1.82.0
Mono: successfully reloaded assembly
- Completed reload, in  1.483 seconds
Domain Reload Profiling:
	ReloadAssembly (1484ms)
		BeginReloadAssembly (113ms)
			ExecutionOrderSort (0ms)
			DisableScriptedObjects (6ms)
			BackupInstance (0ms)
			ReleaseScriptingObjects (0ms)
			CreateAndSetChildDomain (19ms)
		EndReloadAssembly (1255ms)
			LoadAssemblies (104ms)
			RebuildTransferFunctionScriptingTraits (0ms)
			SetupTypeCache (316ms)
			ReleaseScriptCaches (1ms)
			RebuildScriptCaches (91ms)
			SetupLoadedEditorAssemblies (680ms)
				LogAssemblyErrors (0ms)
				InitializePlatformSupportModulesInManaged (22ms)
				SetLoadedEditorAssemblies (0ms)
				RefreshPlugins (120ms)
				BeforeProcessingInitializeOnLoad (121ms)
				ProcessInitializeOnLoadAttributes (381ms)
				ProcessInitializeOnLoadMethodAttributes (25ms)
				AfterProcessingInitializeOnLoad (11ms)
				EditorAssembliesLoaded (0ms)
			ExecutionOrderSort2 (0ms)
			AwakeInstancesAfterBackupRestoration (10ms)
Platform modules already initialized, skipping
========================================================================
Worker process is ready to serve import requests
Shader 'Oculus/OVRMRCameraFrameLit': fallback shader 'Alpha-Diffuse' not found
Launched and connected shader compiler UnityShaderCompiler.exe after 0.04 seconds
Refreshing native plugins compatible for Editor in 1.00 ms, found 14 plugins.
Preloading 1 native plugins for Editor in 0.09 ms.
Unloading 5229 Unused Serialized files (Serialized files now loaded: 0)
Unloading 82 unused Assets / (149.9 KB). Loaded Objects now: 5648.
Memory consumption went from 189.2 MB to 189.1 MB.
Total: 2.849600 ms (FindLiveObjects: 0.306900 ms CreateObjectMapping: 0.172800 ms MarkObjects: 2.258700 ms  DeleteObjects: 0.110200 ms)

AssetImportParameters requested are different than current active one (requested -> active):
  custom:video-decoder-ogg-theora: a1e56fd34408186e4bbccfd4996cb3dc -> 
  custom:container-muxer-webm: aa71ff27fc2769a1b78a27578f13a17b -> 
  custom:container-demuxer-webm: 4f35f7cbe854078d1ac9338744f61a02 -> 
  custom:video-encoder-webm-vp8: eb34c28f22e8b96e1ab97ce403110664 -> 
  custom:audio-encoder-webm-vorbis: bf7c407c2cedff20999df2af8eb42d56 -> 
  custom:framework-win-MediaFoundation: 216162199b28c13a410421893ffa2e32 -> 
  custom:container-demuxer-ogg: 62fdf1f143b41e24485cea50d1cbac27 -> 
  custom:video-decoder-webm-vp8: 9c59270c3fd7afecdb556c50c9e8de78 -> 
  custom:audio-decoder-ogg-vorbis: bf7c407c2cedff20999df2af8eb42d56 -> 
========================================================================
Received Import Request.
  Time since last request: 111531.775835 seconds.
  path: Assets/Oculus/Interaction/Runtime/Prefabs/InputOVR.prefab
  artifactKey: Guid(79afd2227c07813448bc8aa5f9d37d7a) Importer(815301076,1909f56bfc062723c751e8b465ee728b)
Start importing Assets/Oculus/Interaction/Runtime/Prefabs/InputOVR.prefab using Guid(79afd2227c07813448bc8aa5f9d37d7a) Importer(815301076,1909f56bfc062723c751e8b465ee728b)  -> (artifact id: 'f528cd8319533971c295b2eca045abe7') in 0.062367 seconds 
========================================================================
Received Import Request.
  Time since last request: 0.000029 seconds.
  path: Assets/Oculus/VR/Prefabs/OVRCameraRig.prefab
  artifactKey: Guid(126d619cf4daa52469682f85c1378b4a) Importer(815301076,1909f56bfc062723c751e8b465ee728b)
Start importing Assets/Oculus/VR/Prefabs/OVRCameraRig.prefab using Guid(126d619cf4daa52469682f85c1378b4a) Importer(815301076,1909f56bfc062723c751e8b465ee728b)  -> (artifact id: '1cf63ea590f625165c0b1a4c36efc5d4') in 0.008920 seconds 
========================================================================
Received Import Request.
  Time since last request: 0.000024 seconds.
  path: Assets/Oculus/VR/Editor/OVRProjectSetup/Icons/ovr_icon_category_error.png
  artifactKey: Guid(23ed0d2bfc90b1d4f97cf416f2cd23a8) Importer(815301076,1909f56bfc062723c751e8b465ee728b)
Start importing Assets/Oculus/VR/Editor/OVRProjectSetup/Icons/ovr_icon_category_error.png using Guid(23ed0d2bfc90b1d4f97cf416f2cd23a8) Importer(815301076,1909f56bfc062723c751e8b465ee728b)  -> (artifact id: '3fa1f6dbbad888f763ac3cec7bb24ba5') in 0.116920 seconds 
========================================================================
Received Import Request.
  Time since last request: 0.000033 seconds.
  path: Assets/Oculus/VR/Editor/OVRProjectSetup/Icons/ovr_icon_documentation.png
  artifactKey: Guid(463c3731cee5cfc4483468905695f003) Importer(815301076,1909f56bfc062723c751e8b465ee728b)
Start importing Assets/Oculus/VR/Editor/OVRProjectSetup/Icons/ovr_icon_documentation.png using Guid(463c3731cee5cfc4483468905695f003) Importer(815301076,1909f56bfc062723c751e8b465ee728b)  -> (artifact id: 'aa22042ea380ffd683edd43088f24463') in 0.018110 seconds 
========================================================================
Received Import Request.
  Time since last request: 0.082349 seconds.
  path: Assets/Oculus/Interaction/OVRIntegration/Runtime/Prefabs/OVRInteraction.prefab
  artifactKey: Guid(2f94427b8dd14ea498fd92aee3ec9f0f) Importer(815301076,1909f56bfc062723c751e8b465ee728b)
Start importing Assets/Oculus/Interaction/OVRIntegration/Runtime/Prefabs/OVRInteraction.prefab using Guid(2f94427b8dd14ea498fd92aee3ec9f0f) Importer(815301076,1909f56bfc062723c751e8b465ee728b)  -> (artifact id: '8bcb3f1e74ece20550af7ab5c2cbc2e7') in 0.016915 seconds 
========================================================================
Received Import Request.
  Time since last request: 12.467045 seconds.
  path: Assets/Oculus/VR/Scripts/Util/OVRInputModule.cs
  artifactKey: Guid(8f1a9a1d119a5944aacfb87d1ec283a2) Importer(815301076,1909f56bfc062723c751e8b465ee728b)
Start importing Assets/Oculus/VR/Scripts/Util/OVRInputModule.cs using Guid(8f1a9a1d119a5944aacfb87d1ec283a2) Importer(815301076,1909f56bfc062723c751e8b465ee728b)  -> (artifact id: 'bb47f3ec74ccf4e1b4c31fbe4a5cae5e') in 0.009378 seconds 
========================================================================
Received Import Request.
  Time since last request: 3.055118 seconds.
  path: Assets/Oculus/Interaction/OVRIntegration/Runtime/Scripts/Input/OVRInputDeviceActiveState.cs
  artifactKey: Guid(ce6a3535bf452cd42a0b2fb1c571b76e) Importer(815301076,1909f56bfc062723c751e8b465ee728b)
Start importing Assets/Oculus/Interaction/OVRIntegration/Runtime/Scripts/Input/OVRInputDeviceActiveState.cs using Guid(ce6a3535bf452cd42a0b2fb1c571b76e) Importer(815301076,1909f56bfc062723c751e8b465ee728b)  -> (artifact id: 'b589a75e4ab607fb7ff480c8753d8777') in 0.006713 seconds 
========================================================================
Received Import Request.
  Time since last request: 62.243621 seconds.
  path: Assets/Oculus/VR/Scripts/OVRInput.cs
  artifactKey: Guid(d210caf8a50e1954c80690fa858572ad) Importer(815301076,1909f56bfc062723c751e8b465ee728b)
Start importing Assets/Oculus/VR/Scripts/OVRInput.cs using Guid(d210caf8a50e1954c80690fa858572ad) Importer(815301076,1909f56bfc062723c751e8b465ee728b)  -> (artifact id: 'd5231965c1a61e01f6884db76b8e1479') in 0.007209 seconds 
========================================================================
Received Import Request.
  Time since last request: 89.792381 seconds.
  path: Assets/Oculus/SampleFramework/Core/CustomHands/CustomHandLeft.prefab
  artifactKey: Guid(e6ba3498ffa1e534b91a07264266e6b8) Importer(815301076,1909f56bfc062723c751e8b465ee728b)
Start importing Assets/Oculus/SampleFramework/Core/CustomHands/CustomHandLeft.prefab using Guid(e6ba3498ffa1e534b91a07264266e6b8) Importer(815301076,1909f56bfc062723c751e8b465ee728b)  -> (artifact id: '3a15966bff5facedd373cc6b58dd4513') in 0.083893 seconds 
========================================================================
Received Import Request.
  Time since last request: 5.016326 seconds.
  path: Assets/Oculus/Interaction/Samples/Audio/Prefabs/BasicPokeButtonPressAudio.prefab
  artifactKey: Guid(4b2ec9cc45d57c047b74113a934b6887) Importer(815301076,1909f56bfc062723c751e8b465ee728b)
Start importing Assets/Oculus/Interaction/Samples/Audio/Prefabs/BasicPokeButtonPressAudio.prefab using Guid(4b2ec9cc45d57c047b74113a934b6887) Importer(815301076,1909f56bfc062723c751e8b465ee728b)  -> (artifact id: '2a44babf7a29abe92a54eccdba2fcb3e') in 0.014732 seconds 
========================================================================
Received Import Request.
  Time since last request: 0.000027 seconds.
  path: Assets/Oculus/Interaction/Samples/Objects/Environment/BasicPoseDetectionPoses.prefab
  artifactKey: Guid(48779c4e9105c1d4c986f52958bba9a3) Importer(815301076,1909f56bfc062723c751e8b465ee728b)
Start importing Assets/Oculus/Interaction/Samples/Objects/Environment/BasicPoseDetectionPoses.prefab using Guid(48779c4e9105c1d4c986f52958bba9a3) Importer(815301076,1909f56bfc062723c751e8b465ee728b)  -> (artifact id: '125a14e4d624ef20503a0d80ec1b1154') in 0.056892 seconds 
========================================================================
Received Import Request.
  Time since last request: 0.000024 seconds.
  path: Assets/Oculus/Interaction/Runtime/Prefabs/Poke/ControllerPokeInteractor.prefab
  artifactKey: Guid(caf1104dfe6d01c4e9dabd59f18e535a) Importer(815301076,1909f56bfc062723c751e8b465ee728b)
Start importing Assets/Oculus/Interaction/Runtime/Prefabs/Poke/ControllerPokeInteractor.prefab using Guid(caf1104dfe6d01c4e9dabd59f18e535a) Importer(815301076,1909f56bfc062723c751e8b465ee728b)  -> (artifact id: '5e876a46d68c19f7e73509829f072f9f') in 0.015869 seconds 
========================================================================
Received Import Request.
  Time since last request: 0.000021 seconds.
  path: Assets/Oculus/Interaction/Samples/Prefabs/HandPose/FramePoseTwoHanded.prefab
  artifactKey: Guid(0abf62bb4de018a45bb3c5dc28e0e733) Importer(815301076,1909f56bfc062723c751e8b465ee728b)
Start importing Assets/Oculus/Interaction/Samples/Prefabs/HandPose/FramePoseTwoHanded.prefab using Guid(0abf62bb4de018a45bb3c5dc28e0e733) Importer(815301076,1909f56bfc062723c751e8b465ee728b)  -> (artifact id: 'd94a129b0e4b010a8827be969f13d22a') in 0.010571 seconds 
========================================================================
Received Import Request.
  Time since last request: 0.000021 seconds.
  path: Assets/Oculus/Interaction/Runtime/Shaders/CubePointToSegment.cginc
  artifactKey: Guid(4d946b34836b79f41846424301cf06c8) Importer(815301076,1909f56bfc062723c751e8b465ee728b)
Start importing Assets/Oculus/Interaction/Runtime/Shaders/CubePointToSegment.cginc using Guid(4d946b34836b79f41846424301cf06c8) Importer(815301076,1909f56bfc062723c751e8b465ee728b)  -> (artifact id: 'f1222eb6898e183bd48a0a2bead05430') in 0.009345 seconds 
========================================================================
Received Import Request.
  Time since last request: 0.000024 seconds.
  path: Assets/Oculus/SampleFramework/Core/HandsInteraction/Prefabs/FingerTipPokeToolThumb.prefab
  artifactKey: Guid(cf111ea2144c9504d95ffc8cd94475bc) Importer(815301076,1909f56bfc062723c751e8b465ee728b)
Start importing Assets/Oculus/SampleFramework/Core/HandsInteraction/Prefabs/FingerTipPokeToolThumb.prefab using Guid(cf111ea2144c9504d95ffc8cd94475bc) Importer(815301076,1909f56bfc062723c751e8b465ee728b)  -> (artifact id: 'd846b3700a8d56f2556f4900722058a5') in 0.012457 seconds 
========================================================================
Received Import Request.
  Time since last request: 0.000021 seconds.
  path: Assets/Oculus/Interaction/Samples/Objects/Props/WaterParticles/BubblePopParticle.fbx
  artifactKey: Guid(72c78ce3c437b6146a8939d3c0881f50) Importer(815301076,1909f56bfc062723c751e8b465ee728b)
Start importing Assets/Oculus/Interaction/Samples/Objects/Props/WaterParticles/BubblePopParticle.fbx using Guid(72c78ce3c437b6146a8939d3c0881f50) Importer(815301076,1909f56bfc062723c751e8b465ee728b)  -> (artifact id: '266c28e6549477aaa1fe0dd210e3d96d') in 0.064744 seconds 
========================================================================
Received Import Request.
  Time since last request: 0.000021 seconds.
  path: Assets/Oculus/Interaction/Samples/Audio/Prefabs/BasicPokeCanvasPressAudio.prefab
  artifactKey: Guid(13a74428dd920fd4797387cc4bb18321) Importer(815301076,1909f56bfc062723c751e8b465ee728b)
Start importing Assets/Oculus/Interaction/Samples/Audio/Prefabs/BasicPokeCanvasPressAudio.prefab using Guid(13a74428dd920fd4797387cc4bb18321) Importer(815301076,1909f56bfc062723c751e8b465ee728b)  -> (artifact id: 'a95bb0b969882d7b4b1a839024ecf81e') in 0.008444 seconds 
========================================================================
Received Import Request.
  Time since last request: 0.000032 seconds.
  path: Assets/Oculus/SampleFramework/Core/HandsInteraction/Prefabs/FingerTipPokeToolPinky.prefab
  artifactKey: Guid(d64b2e1f5538eca479e4bc093f451518) Importer(815301076,1909f56bfc062723c751e8b465ee728b)
Start importing Assets/Oculus/SampleFramework/Core/HandsInteraction/Prefabs/FingerTipPokeToolPinky.prefab using Guid(d64b2e1f5538eca479e4bc093f451518) Importer(815301076,1909f56bfc062723c751e8b465ee728b)  -> (artifact id: 'f3980e1bb109f6584dae8ca53417c675') in 0.012853 seconds 
========================================================================
Received Import Request.
  Time since last request: 0.000020 seconds.
  path: Assets/Oculus/SampleFramework/Usage/DistanceGrab/Prefabs/GrabOffsetsAndPoses/GrabOffsetPingPongBall.prefab
  artifactKey: Guid(02215b6c75ce0c241876390fdabaad25) Importer(815301076,1909f56bfc062723c751e8b465ee728b)
Start importing Assets/Oculus/SampleFramework/Usage/DistanceGrab/Prefabs/GrabOffsetsAndPoses/GrabOffsetPingPongBall.prefab using Guid(02215b6c75ce0c241876390fdabaad25) Importer(815301076,1909f56bfc062723c751e8b465ee728b)  -> (artifact id: '9cfe9c8be7719ef071c34cb2858f58db') in 0.007946 seconds 
========================================================================
Received Import Request.
  Time since last request: 0.000021 seconds.
  path: Assets/Oculus/VR/Materials/GazePointer.mat
  artifactKey: Guid(3fac3b9744290eb4c89b0e4ffd5fe085) Importer(815301076,1909f56bfc062723c751e8b465ee728b)
Start importing Assets/Oculus/VR/Materials/GazePointer.mat using Guid(3fac3b9744290eb4c89b0e4ffd5fe085) Importer(815301076,1909f56bfc062723c751e8b465ee728b)  -> (artifact id: '7077313cd6facc4f267c2db8aad1b326') in 0.037694 seconds 
========================================================================
Received Import Request.
  Time since last request: 0.776326 seconds.
  path: Assets/Oculus/Interaction/Runtime/Meshes/Locomotion/LocomotionPointer.fbx
  artifactKey: Guid(fc0fd19b38dfb6a4ba0336bf7b518c8e) Importer(815301076,1909f56bfc062723c751e8b465ee728b)
Start importing Assets/Oculus/Interaction/Runtime/Meshes/Locomotion/LocomotionPointer.fbx using Guid(fc0fd19b38dfb6a4ba0336bf7b518c8e) Importer(815301076,1909f56bfc062723c751e8b465ee728b)  -> (artifact id: 'cd38cbc9730ed5a0915f9f9eb920ae51') in 0.018220 seconds 
========================================================================
Received Import Request.
  Time since last request: 0.000028 seconds.
  path: Assets/Oculus/Interaction/Samples/Objects/Props/MapWithPins/Textures/MapPointer_AlbedoRoughness.png
  artifactKey: Guid(b883faee006af594480a183e2c37d229) Importer(815301076,1909f56bfc062723c751e8b465ee728b)
Start importing Assets/Oculus/Interaction/Samples/Objects/Props/MapWithPins/Textures/MapPointer_AlbedoRoughness.png using Guid(b883faee006af594480a183e2c37d229) Importer(815301076,1909f56bfc062723c751e8b465ee728b)  -> (artifact id: '09e33e1eed460ec5cc200600192b4104') in 0.017572 seconds 
Editor requested this worker to shutdown with reason: Scaling down because of idle timeout
AssetImportWorker is now disconnected from the server
Process exiting
Exiting without the bug reporter. Application will terminate with return code 0